<?xml version="1.0" encoding="UTF-8"?>
<!-- Generated by org.testng.reporters.JUnitReportReporter -->
<testsuite skipped="0" hostname="Mark-PC" name="tests.KatalonTestDemo" tests="2" failures="0" timestamp="2020-06-08T17:15:15 EDT" time="52.790" errors="0">
  <testcase name="testKatalonTestDemo2" time="11.721" classname="tests.KatalonTestDemo"/>
  <system-out/>
  <testcase name="testKatalonTestDemo" time="41.069" classname="tests.KatalonTestDemo"/>
  <system-out/>
</testsuite> <!-- tests.KatalonTestDemo -->
